#
# There is insufficient memory for the Java Runtime Environment to continue.
# Native memory allocation (mmap) failed to map 122683392 bytes for committing reserved memory.
# Possible reasons:
#   The system is out of physical RAM or swap space
#   In 32 bit mode, the process size limit was hit
# Possible solutions:
#   Reduce memory load on the system
#   Increase physical memory or swap space
#   Check if swap backing store is full
#   Use 64 bit Java on a 64 bit OS
#   Decrease Java heap size (-Xmx/-Xms)
#   Decrease number of Java threads
#   Decrease Java thread stack sizes (-Xss)
#   Set larger code cache with -XX:ReservedCodeCacheSize=
# This output file may be truncated or incomplete.
#
#  Out of Memory Error (os_linux.cpp:2627), pid=10444, tid=140016260970240
#
# JRE version: Java(TM) SE Runtime Environment (8.0_77-b03) (build 1.8.0_77-b03)
# Java VM: Java HotSpot(TM) 64-Bit Server VM (25.77-b03 mixed mode linux-amd64 compressed oops)
# Failed to write core dump. Core dumps have been disabled. To enable core dumping, try "ulimit -c unlimited" before starting Java again
#

---------------  T H R E A D  ---------------

Current thread (0x00007f582c078000):  VMThread [stack: 0x00007f58136f7000,0x00007f58137f8000] [id=10462]

Stack: [0x00007f58136f7000,0x00007f58137f8000],  sp=0x00007f58137f6320,  free space=1020k
Native frames: (J=compiled Java code, j=interpreted, Vv=VM code, C=native code)
V  [libjvm.so+0xaba7ea]  VMError::report_and_die()+0x2ba
V  [libjvm.so+0x4f9e3b]  report_vm_out_of_memory(char const*, int, unsigned long, VMErrorType, char const*)+0x8b
V  [libjvm.so+0x91b613]  os::Linux::commit_memory_impl(char*, unsigned long, bool)+0x103
V  [libjvm.so+0x91bb69]  os::pd_commit_memory(char*, unsigned long, unsigned long, bool)+0x29
V  [libjvm.so+0x915e6a]  os::commit_memory(char*, unsigned long, unsigned long, bool)+0x2a
V  [libjvm.so+0x989543]  PSVirtualSpace::expand_by(unsigned long)+0x53
V  [libjvm.so+0x98a948]  PSYoungGen::resize_generation(unsigned long, unsigned long)+0xf8
V  [libjvm.so+0x989aa2]  PSYoungGen::resize(unsigned long, unsigned long)+0x22
V  [libjvm.so+0x986d7b]  PSScavenge::invoke_no_policy()+0xf3b
V  [libjvm.so+0x987501]  PSScavenge::invoke()+0x41
V  [libjvm.so+0x93f300]  ParallelScavengeHeap::failed_mem_allocate(unsigned long)+0x70
V  [libjvm.so+0xabc207]  VM_ParallelGCFailedAllocation::doit()+0x97
V  [libjvm.so+0xac3c35]  VM_Operation::evaluate()+0x55
V  [libjvm.so+0xac200a]  VMThread::evaluate_operation(VM_Operation*)+0xba
V  [libjvm.so+0xac238e]  VMThread::loop()+0x1ce
V  [libjvm.so+0xac2800]  VMThread::run()+0x70
V  [libjvm.so+0x91d9d8]  java_start(Thread*)+0x108

VM_Operation (0x00007f5831f0e830): ParallelGCFailedAllocation, mode: safepoint, requested by thread 0x00007f582c00a000


---------------  P R O C E S S  ---------------

Java Threads: ( => current thread )
  0x00007f582c0c1000 JavaThread "Service Thread" daemon [_thread_blocked, id=10473, stack(0x00007f581290e000,0x00007f5812a0f000)]
  0x00007f582c0be000 JavaThread "C1 CompilerThread2" daemon [_thread_blocked, id=10471, stack(0x00007f5812a0f000,0x00007f5812b10000)]
  0x00007f582c0bc000 JavaThread "C2 CompilerThread1" daemon [_thread_blocked, id=10469, stack(0x00007f5812b10000,0x00007f5812c11000)]
  0x00007f582c0b9000 JavaThread "C2 CompilerThread0" daemon [_thread_blocked, id=10468, stack(0x00007f5812c11000,0x00007f5812d12000)]
  0x00007f582c0b7800 JavaThread "Signal Dispatcher" daemon [_thread_blocked, id=10467, stack(0x00007f5812d12000,0x00007f5812e13000)]
  0x00007f582c084800 JavaThread "Finalizer" daemon [_thread_blocked, id=10464, stack(0x00007f58134f5000,0x00007f58135f6000)]
  0x00007f582c07f800 JavaThread "Reference Handler" daemon [_thread_blocked, id=10463, stack(0x00007f58135f6000,0x00007f58136f7000)]
  0x00007f582c00a000 JavaThread "main" [_thread_blocked, id=10452, stack(0x00007f5831e10000,0x00007f5831f11000)]

Other Threads:
=>0x00007f582c078000 VMThread [stack: 0x00007f58136f7000,0x00007f58137f8000] [id=10462]
  0x00007f582c0c4000 WatcherThread [stack: 0x00007f581280d000,0x00007f581290e000] [id=10474]

VM state:at safepoint (normal execution)

VM Mutex/Monitor currently owned by a thread:  ([mutex/lock_event])
[0x00007f582c0063f0] Threads_lock - owner thread: 0x00007f582c078000
[0x00007f582c0068f0] Heap_lock - owner thread: 0x00007f582c00a000

Heap:
 PSYoungGen      total 196096K, used 27107K [0x00000000eab00000, 0x00000000f8780000, 0x0000000100000000)
  eden space 168960K, 0% used [0x00000000eab00000,0x00000000eab00000,0x00000000f5000000)
  from space 27136K, 99% used [0x00000000f5000000,0x00000000f6a78ee0,0x00000000f6a80000)
  to   space 21504K, 0% used [0x00000000f6a80000,0x00000000f6a80000,0x00000000f7f80000)
 ParOldGen       total 66560K, used 66123K [0x00000000c0000000, 0x00000000c4100000, 0x00000000eab00000)
  object space 66560K, 99% used [0x00000000c0000000,0x00000000c4092d08,0x00000000c4100000)
 Metaspace       used 6126K, capacity 7216K, committed 7296K, reserved 1056768K
  class space    used 577K, capacity 616K, committed 640K, reserved 1048576K

Card table byte_map: [0x00007f581b9a5000,0x00007f581bba6000] byte_map_base: 0x00007f581b3a5000

Marking Bits: (ParMarkBitMap*) 0x00007f58312de100
 Begin Bits: [0x00007f581944b000, 0x00007f581a44b000)
 End Bits:   [0x00007f581a44b000, 0x00007f581b44b000)

Polling page: 0x00007f5831f2b000

CodeCache: size=245760Kb used=10782Kb max_used=10782Kb free=234977Kb
 bounds [0x00007f581bf66000, 0x00007f581ca06000, 0x00007f582af66000]
 total_blobs=2361 nmethods=2098 adapters=178
 compilation: enabled

Compilation events (10 events):
Event: 229.828 Thread 0x00007f582c0be000 2250       2       com.android.dx.command.dexer.Main::access$300 (7 bytes)
Event: 229.828 Thread 0x00007f582c0be000 nmethod 2250 0x00007f581c9a0f90 code [0x00007f581c9a1100, 0x00007f581c9a1248]
Event: 229.828 Thread 0x00007f582c0be000 2251   !   2       com.android.dx.command.dexer.Main::processFileBytes (263 bytes)
Event: 229.833 Thread 0x00007f582c0be000 nmethod 2251 0x00007f581c9c4550 code [0x00007f581c9c4820, 0x00007f581c9c5a98]
Event: 229.833 Thread 0x00007f582c0be000 2252       2       sun.util.calendar.AbstractCalendar::setTimeOfDay (116 bytes)
Event: 229.834 Thread 0x00007f582c0be000 nmethod 2252 0x00007f581c9a0810 code [0x00007f581c9a0980, 0x00007f581c9a0ce8]
Event: 229.834 Thread 0x00007f582c0be000 2260       1       com.android.dx.ssa.back.FirstFitLocalCombiningAllocator::access$300 (5 bytes)
Event: 229.834 Thread 0x00007f582c0be000 nmethod 2260 0x00007f581c9a0550 code [0x00007f581c9a06a0, 0x00007f581c9a0790]
Event: 229.858 Thread 0x00007f582c0be000 2262       1       com.android.dx.cf.code.BaseMachine::auxIntArg (6 bytes)
Event: 229.858 Thread 0x00007f582c0be000 nmethod 2262 0x00007f581c9a0290 code [0x00007f581c9a03e0, 0x00007f581c9a04f0]

GC Heap History (10 events):
Event: 5.995 GC heap after
Heap after GC invocations=7 (full 0):
 PSYoungGen      total 63488K, used 7167K [0x00000000eab00000, 0x00000000f2f00000, 0x0000000100000000)
  eden space 56320K, 0% used [0x00000000eab00000,0x00000000eab00000,0x00000000ee200000)
  from space 7168K, 99% used [0x00000000ee200000,0x00000000ee8ffef8,0x00000000ee900000)
  to   space 11264K, 0% used [0x00000000f2400000,0x00000000f2400000,0x00000000f2f00000)
 ParOldGen       total 36864K, used 20536K [0x00000000c0000000, 0x00000000c2400000, 0x00000000eab00000)
  object space 36864K, 55% used [0x00000000c0000000,0x00000000c140e398,0x00000000c2400000)
 Metaspace       used 5981K, capacity 7088K, committed 7296K, reserved 1056768K
  class space    used 576K, capacity 616K, committed 640K, reserved 1048576K
}
Event: 8.388 GC heap before
{Heap before GC invocations=8 (full 0):
 PSYoungGen      total 63488K, used 63487K [0x00000000eab00000, 0x00000000f2f00000, 0x0000000100000000)
  eden space 56320K, 100% used [0x00000000eab00000,0x00000000ee200000,0x00000000ee200000)
  from space 7168K, 99% used [0x00000000ee200000,0x00000000ee8ffef8,0x00000000ee900000)
  to   space 11264K, 0% used [0x00000000f2400000,0x00000000f2400000,0x00000000f2f00000)
 ParOldGen       total 36864K, used 20536K [0x00000000c0000000, 0x00000000c2400000, 0x00000000eab00000)
  object space 36864K, 55% used [0x00000000c0000000,0x00000000c140e398,0x00000000c2400000)
 Metaspace       used 5994K, capacity 7088K, committed 7296K, reserved 1056768K
  class space    used 576K, capacity 616K, committed 640K, reserved 1048576K
Event: 9.795 GC heap after
Heap after GC invocations=8 (full 0):
 PSYoungGen      total 120320K, used 11259K [0x00000000eab00000, 0x00000000f3600000, 0x0000000100000000)
  eden space 109056K, 0% used [0x00000000eab00000,0x00000000eab00000,0x00000000f1580000)
  from space 11264K, 99% used [0x00000000f2400000,0x00000000f2efeed8,0x00000000f2f00000)
  to   space 14848K, 0% used [0x00000000f1580000,0x00000000f1580000,0x00000000f2400000)
 ParOldGen       total 36864K, used 24634K [0x00000000c0000000, 0x00000000c2400000, 0x00000000eab00000)
  object space 36864K, 66% used [0x00000000c0000000,0x00000000c180eb28,0x00000000c2400000)
 Metaspace       used 5994K, capacity 7088K, committed 7296K, reserved 1056768K
  class space    used 576K, capacity 616K, committed 640K, reserved 1048576K
}
Event: 196.697 GC heap before
{Heap before GC invocations=9 (full 0):
 PSYoungGen      total 120320K, used 120315K [0x00000000eab00000, 0x00000000f3600000, 0x0000000100000000)
  eden space 109056K, 100% used [0x00000000eab00000,0x00000000f1580000,0x00000000f1580000)
  from space 11264K, 99% used [0x00000000f2400000,0x00000000f2efeed8,0x00000000f2f00000)
  to   space 14848K, 0% used [0x00000000f1580000,0x00000000f1580000,0x00000000f2400000)
 ParOldGen       total 36864K, used 24634K [0x00000000c0000000, 0x00000000c2400000, 0x00000000eab00000)
  object space 36864K, 66% used [0x00000000c0000000,0x00000000c180eb28,0x00000000c2400000)
 Metaspace       used 6023K, capacity 7152K, committed 7296K, reserved 1056768K
  class space    used 576K, capacity 616K, committed 640K, reserved 1048576K
Event: 196.803 GC heap after
Heap after GC invocations=9 (full 0):
 PSYoungGen      total 123904K, used 14846K [0x00000000eab00000, 0x00000000f7f80000, 0x0000000100000000)
  eden space 109056K, 0% used [0x00000000eab00000,0x00000000eab00000,0x00000000f1580000)
  from space 14848K, 99% used [0x00000000f1580000,0x00000000f23ffa68,0x00000000f2400000)
  to   space 21504K, 0% used [0x00000000f6a80000,0x00000000f6a80000,0x00000000f7f80000)
 ParOldGen       total 36864K, used 35565K [0x00000000c0000000, 0x00000000c2400000, 0x00000000eab00000)
  object space 36864K, 96% used [0x00000000c0000000,0x00000000c22bb588,0x00000000c2400000)
 Metaspace       used 6023K, capacity 7152K, committed 7296K, reserved 1056768K
  class space    used 576K, capacity 616K, committed 640K, reserved 1048576K
}
Event: 196.803 GC heap before
{Heap before GC invocations=10 (full 1):
 PSYoungGen      total 123904K, used 14846K [0x00000000eab00000, 0x00000000f7f80000, 0x0000000100000000)
  eden space 109056K, 0% used [0x00000000eab00000,0x00000000eab00000,0x00000000f1580000)
  from space 14848K, 99% used [0x00000000f1580000,0x00000000f23ffa68,0x00000000f2400000)
  to   space 21504K, 0% used [0x00000000f6a80000,0x00000000f6a80000,0x00000000f7f80000)
 ParOldGen       total 36864K, used 35565K [0x00000000c0000000, 0x00000000c2400000, 0x00000000eab00000)
  object space 36864K, 96% used [0x00000000c0000000,0x00000000c22bb588,0x00000000c2400000)
 Metaspace       used 6023K, capacity 7152K, committed 7296K, reserved 1056768K
  class space    used 576K, capacity 616K, committed 640K, reserved 1048576K
Event: 197.244 GC heap after
Heap after GC invocations=10 (full 1):
 PSYoungGen      total 123904K, used 10209K [0x00000000eab00000, 0x00000000f7f80000, 0x0000000100000000)
  eden space 109056K, 0% used [0x00000000eab00000,0x00000000eab00000,0x00000000f1580000)
  from space 14848K, 68% used [0x00000000f1580000,0x00000000f1f78608,0x00000000f2400000)
  to   space 21504K, 0% used [0x00000000f6a80000,0x00000000f6a80000,0x00000000f7f80000)
 ParOldGen       total 61440K, used 36857K [0x00000000c0000000, 0x00000000c3c00000, 0x00000000eab00000)
  object space 61440K, 59% used [0x00000000c0000000,0x00000000c23fe450,0x00000000c3c00000)
 Metaspace       used 6023K, capacity 7152K, committed 7296K, reserved 1056768K
  class space    used 576K, capacity 616K, committed 640K, reserved 1048576K
}
Event: 200.388 GC heap before
{Heap before GC invocations=11 (full 1):
 PSYoungGen      total 123904K, used 119265K [0x00000000eab00000, 0x00000000f7f80000, 0x0000000100000000)
  eden space 109056K, 100% used [0x00000000eab00000,0x00000000f1580000,0x00000000f1580000)
  from space 14848K, 68% used [0x00000000f1580000,0x00000000f1f78608,0x00000000f2400000)
  to   space 21504K, 0% used [0x00000000f6a80000,0x00000000f6a80000,0x00000000f7f80000)
 ParOldGen       total 61440K, used 36857K [0x00000000c0000000, 0x00000000c3c00000, 0x00000000eab00000)
  object space 61440K, 59% used [0x00000000c0000000,0x00000000c23fe450,0x00000000c3c00000)
 Metaspace       used 6070K, capacity 7152K, committed 7296K, reserved 1056768K
  class space    used 577K, capacity 616K, committed 640K, reserved 1048576K
Event: 200.491 GC heap after
Heap after GC invocations=11 (full 1):
 PSYoungGen      total 190464K, used 21482K [0x00000000eab00000, 0x00000000f8780000, 0x0000000100000000)
  eden space 168960K, 0% used [0x00000000eab00000,0x00000000eab00000,0x00000000f5000000)
  from space 21504K, 99% used [0x00000000f6a80000,0x00000000f7f7a928,0x00000000f7f80000)
  to   space 27136K, 0% used [0x00000000f5000000,0x00000000f5000000,0x00000000f6a80000)
 ParOldGen       total 61440K, used 43046K [0x00000000c0000000, 0x00000000c3c00000, 0x00000000eab00000)
  object space 61440K, 70% used [0x00000000c0000000,0x00000000c2a09868,0x00000000c3c00000)
 Metaspace       used 6070K, capacity 7152K, committed 7296K, reserved 1056768K
  class space    used 577K, capacity 616K, committed 640K, reserved 1048576K
}
Event: 229.923 GC heap before
{Heap before GC invocations=12 (full 1):
 PSYoungGen      total 190464K, used 190442K [0x00000000eab00000, 0x00000000f8780000, 0x0000000100000000)
  eden space 168960K, 100% used [0x00000000eab00000,0x00000000f5000000,0x00000000f5000000)
  from space 21504K, 99% used [0x00000000f6a80000,0x00000000f7f7a928,0x00000000f7f80000)
  to   space 27136K, 0% used [0x00000000f5000000,0x00000000f5000000,0x00000000f6a80000)
 ParOldGen       total 61440K, used 43046K [0x00000000c0000000, 0x00000000c3c00000, 0x00000000eab00000)
  object space 61440K, 70% used [0x00000000c0000000,0x00000000c2a09868,0x00000000c3c00000)
 Metaspace       used 6126K, capacity 7216K, committed 7296K, reserved 1056768K
  class space    used 577K, capacity 616K, committed 640K, reserved 1048576K

Deoptimization events (10 events):
Event: 194.928 Thread 0x00007f582c00a000 Uncommon trap: reason=unstable_if action=reinterpret pc=0x00007f581c732514 method=com.android.dx.cf.code.Ropper.isSynchronized()Z @ 12
Event: 196.315 Thread 0x00007f582c00a000 Uncommon trap: reason=bimorphic action=maybe_recompile pc=0x00007f581c783224 method=com.android.dx.cf.code.BytecodeArray.parseInstruction(ILcom/android/dx/cf/code/BytecodeArray$Visitor;)I @ 2484
Event: 196.316 Thread 0x00007f582c00a000 Uncommon trap: reason=bimorphic action=maybe_recompile pc=0x00007f581c783224 method=com.android.dx.cf.code.BytecodeArray.parseInstruction(ILcom/android/dx/cf/code/BytecodeArray$Visitor;)I @ 2484
Event: 198.543 Thread 0x00007f582c00a000 Uncommon trap: reason=bimorphic action=maybe_recompile pc=0x00007f581c858594 method=com.android.dx.cf.code.BytecodeArray.parseInstruction(ILcom/android/dx/cf/code/BytecodeArray$Visitor;)I @ 971
Event: 198.543 Thread 0x00007f582c00a000 Uncommon trap: reason=bimorphic action=maybe_recompile pc=0x00007f581c858594 method=com.android.dx.cf.code.BytecodeArray.parseInstruction(ILcom/android/dx/cf/code/BytecodeArray$Visitor;)I @ 971
Event: 199.883 Thread 0x00007f582c00a000 Uncommon trap: reason=unstable_if action=reinterpret pc=0x00007f581c8dd47c method=com.android.dx.cf.code.ByteCatchList.listFor(I)Lcom/android/dx/cf/code/ByteCatchList; @ 47
Event: 200.145 Thread 0x00007f582c00a000 Uncommon trap: reason=unstable_if action=reinterpret pc=0x00007f581c53ed2c method=java.util.HashMap.putVal(ILjava/lang/Object;Ljava/lang/Object;ZZ)Ljava/lang/Object; @ 162
Event: 201.025 Thread 0x00007f582c00a000 Uncommon trap: reason=unstable_if action=reinterpret pc=0x00007f581c653400 method=com.android.dx.ssa.MoveParamCombiner$1.visitNonMoveInsn(Lcom/android/dx/ssa/NormalSsaInsn;)V @ 27
Event: 202.232 Thread 0x00007f582c00a000 Uncommon trap: reason=unstable_if action=reinterpret pc=0x00007f581c7677dc method=com.android.dx.ssa.SsaBasicBlock.scheduleMovesFromPhis()V @ 63
Event: 229.775 Thread 0x00007f582c00a000 Uncommon trap: reason=unstable_if action=reinterpret pc=0x00007f581c596f48 method=com.android.dx.rop.code.LocalItem.compareHandlesNulls(Lcom/android/dx/rop/cst/CstString;Lcom/android/dx/rop/cst/CstString;)I @ 14

Internal exceptions (6 events):
Event: 0.220 Thread 0x00007f582c00a000 Exception <a 'java/lang/NoSuchMethodError': Method sun.misc.Unsafe.defineClass(Ljava/lang/String;[BII)Ljava/lang/Class; name or signature does not match> (0x00000000eab07cc0) thrown at [/HUDSON/workspace/8-2-build-linux-amd64/jdk8u77/6540/hotspot/src/shar
Event: 0.221 Thread 0x00007f582c00a000 Exception <a 'java/lang/NoSuchMethodError': Method sun.misc.Unsafe.prefetchRead(Ljava/lang/Object;J)V name or signature does not match> (0x00000000eab07fa8) thrown at [/HUDSON/workspace/8-2-build-linux-amd64/jdk8u77/6540/hotspot/src/share/vm/prims/jni.cpp
Event: 4.542 Thread 0x00007f582c00a000 Exception <a 'java/lang/ArrayIndexOutOfBoundsException': 18> (0x00000000eb726128) thrown at [/HUDSON/workspace/8-2-build-linux-amd64/jdk8u77/6540/hotspot/src/share/vm/interpreter/interpreterRuntime.cpp, line 366]
Event: 4.543 Thread 0x00007f582c00a000 Exception <a 'java/lang/ArrayIndexOutOfBoundsException': 145> (0x00000000eb727ca8) thrown at [/HUDSON/workspace/8-2-build-linux-amd64/jdk8u77/6540/hotspot/src/share/vm/interpreter/interpreterRuntime.cpp, line 366]
Event: 4.566 Thread 0x00007f582c00a000 Exception <a 'java/lang/ArrayIndexOutOfBoundsException'> (0x00000000eb728f90) thrown at [/HUDSON/workspace/8-2-build-linux-amd64/jdk8u77/6540/hotspot/src/share/vm/runtime/sharedRuntime.cpp, line 605]
Event: 229.775 Thread 0x00007f582c00a000 Implicit null exception at 0x00007f581c595930 to 0x00007f581c596f29

Events (10 events):
Event: 202.358 Thread 0x00007f582c00a000 DEOPT PACKING pc=0x00007f581c3fdbc0 sp=0x00007f5831f0eb50
Event: 202.358 Thread 0x00007f582c00a000 DEOPT UNPACKING pc=0x00007f581bfad233 sp=0x00007f5831f0e9a0 mode 0
Event: 229.775 Thread 0x00007f582c00a000 Uncommon trap: trap_request=0xffffff65 fr.pc=0x00007f581c596f48
Event: 229.775 Thread 0x00007f582c00a000 DEOPT PACKING pc=0x00007f581c596f48 sp=0x00007f5831f0eb40
Event: 229.775 Thread 0x00007f582c00a000 DEOPT UNPACKING pc=0x00007f581bf6b229 sp=0x00007f5831f0e938 mode 2
Event: 229.803 Thread 0x00007f582c00a000 DEOPT PACKING pc=0x00007f581c3fdba9 sp=0x00007f5831f0eb50
Event: 229.803 Thread 0x00007f582c00a000 DEOPT UNPACKING pc=0x00007f581bfad233 sp=0x00007f5831f0e9a0 mode 0
Event: 229.815 Thread 0x00007f582c00a000 DEOPT PACKING pc=0x00007f581c3a2949 sp=0x00007f5831f0ec10
Event: 229.815 Thread 0x00007f582c00a000 DEOPT UNPACKING pc=0x00007f581bfad233 sp=0x00007f5831f0e9c0 mode 0
Event: 229.923 Executing VM operation: ParallelGCFailedAllocation


Dynamic libraries:
00400000-00401000 r-xp 00000000 08:09 400117                             /usr/lib/jvm/java-8-oracle/bin/java
00600000-00601000 rw-p 00000000 08:09 400117                             /usr/lib/jvm/java-8-oracle/bin/java
00eec000-00f0d000 rw-p 00000000 00:00 0                                  [heap]
c0000000-c4100000 rw-p 00000000 00:00 0 
c4100000-eab00000 ---p 00000000 00:00 0 
eab00000-f8780000 rw-p 00000000 00:00 0 
ffc80000-100000000 ---p 00000000 00:00 0 
100000000-1000a0000 rw-p 00000000 00:00 0 
1000a0000-140000000 ---p 00000000 00:00 0 
7f57dc000000-7f57dc021000 rw-p 00000000 00:00 0 
7f57dc021000-7f57e0000000 ---p 00000000 00:00 0 
7f57e0000000-7f57e0021000 rw-p 00000000 00:00 0 
7f57e0021000-7f57e4000000 ---p 00000000 00:00 0 
7f57e4000000-7f57e55e0000 rw-p 00000000 00:00 0 
7f57e55e0000-7f57e8000000 ---p 00000000 00:00 0 
7f57e8000000-7f57e88e1000 rw-p 00000000 00:00 0 
7f57e88e1000-7f57ec000000 ---p 00000000 00:00 0 
7f57ec000000-7f57ec021000 rw-p 00000000 00:00 0 
7f57ec021000-7f57f0000000 ---p 00000000 00:00 0 
7f57f0000000-7f57f1150000 rw-p 00000000 00:00 0 
7f57f1150000-7f57f4000000 ---p 00000000 00:00 0 
7f57f4000000-7f57f4021000 rw-p 00000000 00:00 0 
7f57f4021000-7f57f8000000 ---p 00000000 00:00 0 
7f57f8000000-7f57f8021000 rw-p 00000000 00:00 0 
7f57f8021000-7f57fc000000 ---p 00000000 00:00 0 
7f57fc000000-7f57fc021000 rw-p 00000000 00:00 0 
7f57fc021000-7f5800000000 ---p 00000000 00:00 0 
7f5800000000-7f580028f000 rw-p 00000000 00:00 0 
7f580028f000-7f5804000000 ---p 00000000 00:00 0 
7f5804000000-7f5804021000 rw-p 00000000 00:00 0 
7f5804021000-7f5808000000 ---p 00000000 00:00 0 
7f580c000000-7f580c021000 rw-p 00000000 00:00 0 
7f580c021000-7f5810000000 ---p 00000000 00:00 0 
7f58127e7000-7f581280d000 r--p 00000000 08:09 1052747                    /usr/share/locale-langpack/es/LC_MESSAGES/libc.mo
7f581280d000-7f581280e000 ---p 00000000 00:00 0 
7f581280e000-7f581290e000 rw-p 00000000 00:00 0                          [stack:10474]
7f581290e000-7f5812911000 ---p 00000000 00:00 0 
7f5812911000-7f5812a0f000 rw-p 00000000 00:00 0                          [stack:10473]
7f5812a0f000-7f5812a12000 ---p 00000000 00:00 0 
7f5812a12000-7f5812b10000 rw-p 00000000 00:00 0                          [stack:10471]
7f5812b10000-7f5812b13000 ---p 00000000 00:00 0 
7f5812b13000-7f5812c11000 rw-p 00000000 00:00 0                          [stack:10469]
7f5812c11000-7f5812c14000 ---p 00000000 00:00 0 
7f5812c14000-7f5812d12000 rw-p 00000000 00:00 0                          [stack:10468]
7f5812d12000-7f5812d15000 ---p 00000000 00:00 0 
7f5812d15000-7f5812e13000 rw-p 00000000 00:00 0                          [stack:10467]
7f5812e13000-7f58134f5000 r--p 00000000 08:09 138979                     /usr/lib/locale/locale-archive
7f58134f5000-7f58134f8000 ---p 00000000 00:00 0 
7f58134f8000-7f58135f6000 rw-p 00000000 00:00 0                          [stack:10464]
7f58135f6000-7f58135f9000 ---p 00000000 00:00 0 
7f58135f9000-7f58136f7000 rw-p 00000000 00:00 0                          [stack:10463]
7f58136f7000-7f58136f8000 ---p 00000000 00:00 0 
7f58136f8000-7f5814000000 rw-p 00000000 00:00 0                          [stack:10462]
7f5814000000-7f5814021000 rw-p 00000000 00:00 0 
7f5814021000-7f5818000000 ---p 00000000 00:00 0 
7f581800e000-7f5818056000 r--s 003af000 08:09 5381440                    /home/guillermo/Escritorio/Android/diggy_dog/app/build/intermediates/multi-dex/debug/allclasses.jar
7f5818056000-7f5818065000 r--s 000dd000 08:09 3817206                    /root/Android/Sdk/build-tools/22.0.1/lib/dx.jar
7f5818065000-7f58187fd000 rw-p 00000000 00:00 0 
7f58187fd000-7f58189d5000 r--s 03d1e000 08:09 531178                     /usr/lib/jvm/java-8-oracle/jre/lib/rt.jar
7f58189d5000-7f58190cb000 rw-p 00000000 00:00 0 
7f58190cb000-7f581924b000 ---p 00000000 00:00 0 
7f581924b000-7f581b44b000 rw-p 00000000 00:00 0 
7f581b44b000-7f581b44c000 ---p 00000000 00:00 0 
7f581b44c000-7f581b54c000 rw-p 00000000 00:00 0                          [stack:10456]
7f581b54c000-7f581b54d000 ---p 00000000 00:00 0 
7f581b54d000-7f581b64d000 rw-p 00000000 00:00 0                          [stack:10455]
7f581b64d000-7f581b64e000 ---p 00000000 00:00 0 
7f581b64e000-7f581b74e000 rw-p 00000000 00:00 0                          [stack:10454]
7f581b74e000-7f581b74f000 ---p 00000000 00:00 0 
7f581b74f000-7f581b870000 rw-p 00000000 00:00 0                          [stack:10453]
7f581b870000-7f581b9a5000 ---p 00000000 00:00 0 
7f581b9a5000-7f581b9c6000 rw-p 00000000 00:00 0 
7f581b9c6000-7f581bafa000 ---p 00000000 00:00 0 
7f581bafa000-7f581bb69000 rw-p 00000000 00:00 0 
7f581bb69000-7f581bba5000 ---p 00000000 00:00 0 
7f581bba5000-7f581bbd1000 rw-p 00000000 00:00 0 
7f581bbd1000-7f581bf66000 ---p 00000000 00:00 0 
7f581bf66000-7f581ca06000 rwxp 00000000 00:00 0 
7f581ca06000-7f582af66000 ---p 00000000 00:00 0 
7f582af66000-7f582af80000 r-xp 00000000 08:09 531263                     /usr/lib/jvm/java-8-oracle/jre/lib/amd64/libzip.so
7f582af80000-7f582b180000 ---p 0001a000 08:09 531263                     /usr/lib/jvm/java-8-oracle/jre/lib/amd64/libzip.so
7f582b180000-7f582b181000 rw-p 0001a000 08:09 531263                     /usr/lib/jvm/java-8-oracle/jre/lib/amd64/libzip.so
7f582b181000-7f582b18d000 r-xp 00000000 08:09 2359398                    /lib/x86_64-linux-gnu/libnss_files-2.21.so
7f582b18d000-7f582b38c000 ---p 0000c000 08:09 2359398                    /lib/x86_64-linux-gnu/libnss_files-2.21.so
7f582b38c000-7f582b38d000 r--p 0000b000 08:09 2359398                    /lib/x86_64-linux-gnu/libnss_files-2.21.so
7f582b38d000-7f582b38e000 rw-p 0000c000 08:09 2359398                    /lib/x86_64-linux-gnu/libnss_files-2.21.so
7f582b38e000-7f582b399000 r-xp 00000000 08:09 2363961                    /lib/x86_64-linux-gnu/libnss_nis-2.21.so
7f582b399000-7f582b598000 ---p 0000b000 08:09 2363961                    /lib/x86_64-linux-gnu/libnss_nis-2.21.so
7f582b598000-7f582b599000 r--p 0000a000 08:09 2363961                    /lib/x86_64-linux-gnu/libnss_nis-2.21.so
7f582b599000-7f582b59a000 rw-p 0000b000 08:09 2363961                    /lib/x86_64-linux-gnu/libnss_nis-2.21.so
7f582b59a000-7f582b5b1000 r-xp 00000000 08:09 2359403                    /lib/x86_64-linux-gnu/libnsl-2.21.so
7f582b5b1000-7f582b7b0000 ---p 00017000 08:09 2359403                    /lib/x86_64-linux-gnu/libnsl-2.21.so
7f582b7b0000-7f582b7b1000 r--p 00016000 08:09 2359403                    /lib/x86_64-linux-gnu/libnsl-2.21.so
7f582b7b1000-7f582b7b2000 rw-p 00017000 08:09 2359403                    /lib/x86_64-linux-gnu/libnsl-2.21.so
7f582b7b2000-7f582b7b4000 rw-p 00000000 00:00 0 
7f582b7b4000-7f582b7bc000 r-xp 00000000 08:09 2359399                    /lib/x86_64-linux-gnu/libnss_compat-2.21.so
7f582b7bc000-7f582b9bb000 ---p 00008000 08:09 2359399                    /lib/x86_64-linux-gnu/libnss_compat-2.21.so
7f582b9bb000-7f582b9bc000 r--p 00007000 08:09 2359399                    /lib/x86_64-linux-gnu/libnss_compat-2.21.so
7f582b9bc000-7f582b9bd000 rw-p 00008000 08:09 2359399                    /lib/x86_64-linux-gnu/libnss_compat-2.21.so
7f582b9bd000-7f582b9e7000 r-xp 00000000 08:09 531258                     /usr/lib/jvm/java-8-oracle/jre/lib/amd64/libjava.so
7f582b9e7000-7f582bbe7000 ---p 0002a000 08:09 531258                     /usr/lib/jvm/java-8-oracle/jre/lib/amd64/libjava.so
7f582bbe7000-7f582bbe9000 rw-p 0002a000 08:09 531258                     /usr/lib/jvm/java-8-oracle/jre/lib/amd64/libjava.so
7f582bbe9000-7f582bbf6000 r-xp 00000000 08:09 531262                     /usr/lib/jvm/java-8-oracle/jre/lib/amd64/libverify.so
7f582bbf6000-7f582bdf6000 ---p 0000d000 08:09 531262                     /usr/lib/jvm/java-8-oracle/jre/lib/amd64/libverify.so
7f582bdf6000-7f582bdf8000 rw-p 0000d000 08:09 531262                     /usr/lib/jvm/java-8-oracle/jre/lib/amd64/libverify.so
7f582bdf8000-7f582bdff000 r-xp 00000000 08:09 2359396                    /lib/x86_64-linux-gnu/librt-2.21.so
7f582bdff000-7f582bffe000 ---p 00007000 08:09 2359396                    /lib/x86_64-linux-gnu/librt-2.21.so
7f582bffe000-7f582bfff000 r--p 00006000 08:09 2359396                    /lib/x86_64-linux-gnu/librt-2.21.so
7f582bfff000-7f582c000000 rw-p 00007000 08:09 2359396                    /lib/x86_64-linux-gnu/librt-2.21.so
7f582c000000-7f582c38a000 rw-p 00000000 00:00 0 
7f582c38a000-7f5830000000 ---p 00000000 00:00 0 
7f5830000000-7f5830021000 rw-p 00000000 00:00 0 
7f5830021000-7f5830128000 r-xp 00000000 08:09 2364016                    /lib/x86_64-linux-gnu/libm-2.21.so
7f5830128000-7f5830327000 ---p 00107000 08:09 2364016                    /lib/x86_64-linux-gnu/libm-2.21.so
7f5830327000-7f5830328000 r--p 00106000 08:09 2364016                    /lib/x86_64-linux-gnu/libm-2.21.so
7f5830328000-7f5830329000 rw-p 00107000 08:09 2364016                    /lib/x86_64-linux-gnu/libm-2.21.so
7f5830329000-7f5830fe8000 r-xp 00000000 08:09 531285                     /usr/lib/jvm/java-8-oracle/jre/lib/amd64/server/libjvm.so
7f5830fe8000-7f58311e7000 ---p 00cbf000 08:09 531285                     /usr/lib/jvm/java-8-oracle/jre/lib/amd64/server/libjvm.so
7f58311e7000-7f58312c0000 rw-p 00cbe000 08:09 531285                     /usr/lib/jvm/java-8-oracle/jre/lib/amd64/server/libjvm.so
7f58312c0000-7f5831309000 rw-p 00000000 00:00 0 
7f5831309000-7f58314c9000 r-xp 00000000 08:09 2364042                    /lib/x86_64-linux-gnu/libc-2.21.so
7f58314c9000-7f58316c9000 ---p 001c0000 08:09 2364042                    /lib/x86_64-linux-gnu/libc-2.21.so
7f58316c9000-7f58316cd000 r--p 001c0000 08:09 2364042                    /lib/x86_64-linux-gnu/libc-2.21.so
7f58316cd000-7f58316cf000 rw-p 001c4000 08:09 2364042                    /lib/x86_64-linux-gnu/libc-2.21.so
7f58316cf000-7f58316d3000 rw-p 00000000 00:00 0 
7f58316d3000-7f58316d6000 r-xp 00000000 08:09 2363945                    /lib/x86_64-linux-gnu/libdl-2.21.so
7f58316d6000-7f58318d5000 ---p 00003000 08:09 2363945                    /lib/x86_64-linux-gnu/libdl-2.21.so
7f58318d5000-7f58318d6000 r--p 00002000 08:09 2363945                    /lib/x86_64-linux-gnu/libdl-2.21.so
7f58318d6000-7f58318d7000 rw-p 00003000 08:09 2363945                    /lib/x86_64-linux-gnu/libdl-2.21.so
7f58318d7000-7f58318ec000 r-xp 00000000 08:09 530641                     /usr/lib/jvm/java-8-oracle/lib/amd64/jli/libjli.so
7f58318ec000-7f5831aec000 ---p 00015000 08:09 530641                     /usr/lib/jvm/java-8-oracle/lib/amd64/jli/libjli.so
7f5831aec000-7f5831aed000 rw-p 00015000 08:09 530641                     /usr/lib/jvm/java-8-oracle/lib/amd64/jli/libjli.so
7f5831aed000-7f5831b05000 r-xp 00000000 08:09 2359397                    /lib/x86_64-linux-gnu/libpthread-2.21.so
7f5831b05000-7f5831d05000 ---p 00018000 08:09 2359397                    /lib/x86_64-linux-gnu/libpthread-2.21.so
7f5831d05000-7f5831d06000 r--p 00018000 08:09 2359397                    /lib/x86_64-linux-gnu/libpthread-2.21.so
7f5831d06000-7f5831d07000 rw-p 00019000 08:09 2359397                    /lib/x86_64-linux-gnu/libpthread-2.21.so
7f5831d07000-7f5831d0b000 rw-p 00000000 00:00 0 
7f5831d0b000-7f5831d2f000 r-xp 00000000 08:09 2363921                    /lib/x86_64-linux-gnu/ld-2.21.so
7f5831d37000-7f5831e10000 rw-p 00000000 00:00 0 
7f5831e10000-7f5831e13000 ---p 00000000 00:00 0 
7f5831e13000-7f5831f15000 rw-p 00000000 00:00 0                          [stack:10452]
7f5831f1a000-7f5831f1b000 rw-p 00000000 00:00 0 
7f5831f1b000-7f5831f22000 r--s 00000000 08:09 530701                     /usr/lib/x86_64-linux-gnu/gconv/gconv-modules.cache
7f5831f22000-7f5831f2a000 rw-s 00000000 08:09 671432                     /tmp/hsperfdata_root/10444
7f5831f2a000-7f5831f2b000 rw-p 00000000 00:00 0 
7f5831f2b000-7f5831f2c000 ---p 00000000 00:00 0 
7f5831f2c000-7f5831f2e000 rw-p 00000000 00:00 0 
7f5831f2e000-7f5831f2f000 r--p 00023000 08:09 2363921                    /lib/x86_64-linux-gnu/ld-2.21.so
7f5831f2f000-7f5831f30000 rw-p 00024000 08:09 2363921                    /lib/x86_64-linux-gnu/ld-2.21.so
7f5831f30000-7f5831f31000 rw-p 00000000 00:00 0 
7ffd92628000-7ffd92649000 rw-p 00000000 00:00 0                          [stack]
7ffd9271d000-7ffd9271f000 r--p 00000000 00:00 0                          [vvar]
7ffd9271f000-7ffd92721000 r-xp 00000000 00:00 0                          [vdso]
ffffffffff600000-ffffffffff601000 r-xp 00000000 00:00 0                  [vsyscall]

VM Arguments:
jvm_args: -Xmx1024M -Dfile.encoding=UTF-8 -Duser.country=MX -Duser.language=es -Duser.variant 
java_command: com.android.dx.command.Main --dex --multi-dex --main-dex-list /home/guillermo/Escritorio/Android/diggy_dog/app/build/intermediates/multi-dex/debug/maindexlist.txt --output /home/guillermo/Escritorio/Android/diggy_dog/app/build/intermediates/dex/debug /home/guillermo/Escritorio/Android/diggy_dog/app/build/intermediates/multi-dex/debug/allclasses.jar
java_class_path (initial): /root/Android/Sdk/build-tools/22.0.1/lib/dx.jar
Launcher Type: SUN_STANDARD

Environment Variables:
PATH=/usr/local/sbin:/usr/local/bin:/usr/sbin:/usr/bin:/sbin:/bin
USERNAME=root
LD_LIBRARY_PATH=.:
SHELL=/bin/bash
DISPLAY=:0

Signal Handlers:
SIGSEGV: [libjvm.so+0xabb070], sa_mask[0]=11111111011111111101111111111110, sa_flags=SA_RESTART|SA_SIGINFO
SIGBUS: [libjvm.so+0xabb070], sa_mask[0]=11111111011111111101111111111110, sa_flags=SA_RESTART|SA_SIGINFO
SIGFPE: [libjvm.so+0x918480], sa_mask[0]=11111111011111111101111111111110, sa_flags=SA_RESTART|SA_SIGINFO
SIGPIPE: [libjvm.so+0x918480], sa_mask[0]=11111111011111111101111111111110, sa_flags=SA_RESTART|SA_SIGINFO
SIGXFSZ: [libjvm.so+0x918480], sa_mask[0]=11111111011111111101111111111110, sa_flags=SA_RESTART|SA_SIGINFO
SIGILL: [libjvm.so+0x918480], sa_mask[0]=11111111011111111101111111111110, sa_flags=SA_RESTART|SA_SIGINFO
SIGUSR1: SIG_DFL, sa_mask[0]=00000000000000000000000000000000, sa_flags=none
SIGUSR2: [libjvm.so+0x919ab0], sa_mask[0]=00100000000000000000000000000000, sa_flags=SA_RESTART|SA_SIGINFO
SIGHUP: [libjvm.so+0x91aeb0], sa_mask[0]=11111111011111111101111111111110, sa_flags=SA_RESTART|SA_SIGINFO
SIGINT: [libjvm.so+0x91aeb0], sa_mask[0]=11111111011111111101111111111110, sa_flags=SA_RESTART|SA_SIGINFO
SIGTERM: [libjvm.so+0x91aeb0], sa_mask[0]=11111111011111111101111111111110, sa_flags=SA_RESTART|SA_SIGINFO
SIGQUIT: [libjvm.so+0x91aeb0], sa_mask[0]=11111111011111111101111111111110, sa_flags=SA_RESTART|SA_SIGINFO


---------------  S Y S T E M  ---------------

OS:DISTRIB_ID=Ubuntu
DISTRIB_RELEASE=15.10
DISTRIB_CODENAME=wily
DISTRIB_DESCRIPTION="Ubuntu 15.10"

uname:Linux 4.2.0-35-generic #40-Ubuntu SMP Tue Mar 15 22:15:45 UTC 2016 x86_64
libc:glibc 2.21 NPTL 2.21 
rlimit: STACK 8192k, CORE 0k, NPROC 13217, NOFILE 65536, AS infinity
load average:27.97 21.72 14.64

/proc/meminfo:
MemTotal:        3490476 kB
MemFree:           29616 kB
MemAvailable:      59448 kB
Buffers:            1424 kB
Cached:            59660 kB
SwapCached:            0 kB
Active:          3057412 kB
Inactive:          44116 kB
Active(anon):    3043536 kB
Inactive(anon):    30072 kB
Active(file):      13876 kB
Inactive(file):    14044 kB
Unevictable:          32 kB
Mlocked:              32 kB
SwapTotal:             0 kB
SwapFree:              0 kB
Dirty:               152 kB
Writeback:             0 kB
AnonPages:       3040636 kB
Mapped:            44476 kB
Shmem:             33004 kB
Slab:              66224 kB
SReclaimable:      29464 kB
SUnreclaim:        36760 kB
KernelStack:        9472 kB
PageTables:        35940 kB
NFS_Unstable:          0 kB
Bounce:                0 kB
WritebackTmp:          0 kB
CommitLimit:     1745236 kB
Committed_AS:    6348348 kB
VmallocTotal:   34359738367 kB
VmallocUsed:      103724 kB
VmallocChunk:   34359537660 kB
HardwareCorrupted:     0 kB
AnonHugePages:   2064384 kB
CmaTotal:              0 kB
CmaFree:               0 kB
HugePages_Total:       0
HugePages_Free:        0
HugePages_Rsvd:        0
HugePages_Surp:        0
Hugepagesize:       2048 kB
DirectMap4k:     1350400 kB
DirectMap2M:     2279424 kB
DirectMap1G:           0 kB


CPU:total 4 (4 cores per cpu, 1 threads per core) family 22 model 48 stepping 1, cmov, cx8, fxsr, mmx, sse, sse2, sse3, ssse3, sse4.1, sse4.2, popcnt, avx, aes, clmul, mmxext, 3dnowpref, lzcnt, sse4a, tsc, tscinvbit, tscinv, bmi1

/proc/cpuinfo:
processor	: 0
vendor_id	: AuthenticAMD
cpu family	: 22
model		: 48
model name	: AMD A6-6310 APU with AMD Radeon R4 Graphics
stepping	: 1
microcode	: 0x7030105
cpu MHz		: 1000.000
cache size	: 2048 KB
physical id	: 0
siblings	: 4
core id		: 0
cpu cores	: 4
apicid		: 0
initial apicid	: 0
fpu		: yes
fpu_exception	: yes
cpuid level	: 13
wp		: yes
flags		: fpu vme de pse tsc msr pae mce cx8 apic sep mtrr pge mca cmov pat pse36 clflush mmx fxsr sse sse2 ht syscall nx mmxext fxsr_opt pdpe1gb rdtscp lm constant_tsc rep_good nopl nonstop_tsc extd_apicid aperfmperf eagerfpu pni pclmulqdq monitor ssse3 cx16 sse4_1 sse4_2 movbe popcnt aes xsave avx f16c rdrand lahf_lm cmp_legacy svm extapic cr8_legacy abm sse4a misalignsse 3dnowprefetch osvw ibs skinit wdt topoext perfctr_nb bpext perfctr_l2 arat cpb hw_pstate npt lbrv svm_lock nrip_save tsc_scale flushbyasid decodeassists pausefilter pfthreshold vmmcall bmi1 xsaveopt
bugs		: fxsave_leak sysret_ss_attrs
bogomips	: 3593.17
TLB size	: 1024 4K pages
clflush size	: 64
cache_alignment	: 64
address sizes	: 40 bits physical, 48 bits virtual
power management: ts ttp tm 100mhzsteps hwpstate cpb [12] [13]

processor	: 1
vendor_id	: AuthenticAMD
cpu family	: 22
model		: 48
model name	: AMD A6-6310 APU with AMD Radeon R4 Graphics
stepping	: 1
microcode	: 0x7030105
cpu MHz		: 1000.000
cache size	: 2048 KB
physical id	: 0
siblings	: 4
core id		: 1
cpu cores	: 4
apicid		: 1
initial apicid	: 1
fpu		: yes
fpu_exception	: yes
cpuid level	: 13
wp		: yes
flags		: fpu vme de pse tsc msr pae mce cx8 apic sep mtrr pge mca cmov pat pse36 clflush mmx fxsr sse sse2 ht syscall nx mmxext fxsr_opt pdpe1gb rdtscp lm constant_tsc rep_good nopl nonstop_tsc extd_apicid aperfmperf eagerfpu pni pclmulqdq monitor ssse3 cx16 sse4_1 sse4_2 movbe popcnt aes xsave avx f16c rdrand lahf_lm cmp_legacy svm extapic cr8_legacy abm sse4a misalignsse 3dnowprefetch osvw ibs skinit wdt topoext perfctr_nb bpext perfctr_l2 arat cpb hw_pstate npt lbrv svm_lock nrip_save tsc_scale flushbyasid decodeassists pausefilter pfthreshold vmmcall bmi1 xsaveopt
bugs		: fxsave_leak sysret_ss_attrs
bogomips	: 3593.17
TLB size	: 1024 4K pages
clflush size	: 64
cache_alignment	: 64
address sizes	: 40 bits physical, 48 bits virtual
power management: ts ttp tm 100mhzsteps hwpstate cpb [12] [13]

processor	: 2
vendor_id	: AuthenticAMD
cpu family	: 22
model		: 48
model name	: AMD A6-6310 APU with AMD Radeon R4 Graphics
stepping	: 1
microcode	: 0x7030105
cpu MHz		: 1000.000
cache size	: 2048 KB
physical id	: 0
siblings	: 4
core id		: 2
cpu cores	: 4
apicid		: 2
initial apicid	: 2
fpu		: yes
fpu_exception	: yes
cpuid level	: 13
wp		: yes
flags		: fpu vme de pse tsc msr pae mce cx8 apic sep mtrr pge mca cmov pat pse36 clflush mmx fxsr sse sse2 ht syscall nx mmxext fxsr_opt pdpe1gb rdtscp lm constant_tsc rep_good nopl nonstop_tsc extd_apicid aperfmperf eagerfpu pni pclmulqdq monitor ssse3 cx16 sse4_1 sse4_2 movbe popcnt aes xsave avx f16c rdrand lahf_lm cmp_legacy svm extapic cr8_legacy abm sse4a misalignsse 3dnowprefetch osvw ibs skinit wdt topoext perfctr_nb bpext perfctr_l2 arat cpb hw_pstate npt lbrv svm_lock nrip_save tsc_scale flushbyasid decodeassists pausefilter pfthreshold vmmcall bmi1 xsaveopt
bugs		: fxsave_leak sysret_ss_attrs
bogomips	: 3593.17
TLB size	: 1024 4K pages
clflush size	: 64
cache_alignment	: 64
address sizes	: 40 bits physical, 48 bits virtual
power management: ts ttp tm 100mhzsteps hwpstate cpb [12] [13]

processor	: 3
vendor_id	: AuthenticAMD
cpu family	: 22
model		: 48
model name	: AMD A6-6310 APU with AMD Radeon R4 Graphics
stepping	: 1
microcode	: 0x7030105
cpu MHz		: 1000.000
cache size	: 2048 KB
physical id	: 0
siblings	: 4
core id		: 3
cpu cores	: 4
apicid		: 3
initial apicid	: 3
fpu		: yes
fpu_exception	: yes
cpuid level	: 13
wp		: yes
flags		: fpu vme de pse tsc msr pae mce cx8 apic sep mtrr pge mca cmov pat pse36 clflush mmx fxsr sse sse2 ht syscall nx mmxext fxsr_opt pdpe1gb rdtscp lm constant_tsc rep_good nopl nonstop_tsc extd_apicid aperfmperf eagerfpu pni pclmulqdq monitor ssse3 cx16 sse4_1 sse4_2 movbe popcnt aes xsave avx f16c rdrand lahf_lm cmp_legacy svm extapic cr8_legacy abm sse4a misalignsse 3dnowprefetch osvw ibs skinit wdt topoext perfctr_nb bpext perfctr_l2 arat cpb hw_pstate npt lbrv svm_lock nrip_save tsc_scale flushbyasid decodeassists pausefilter pfthreshold vmmcall bmi1 xsaveopt
bugs		: fxsave_leak sysret_ss_attrs
bogomips	: 3593.17
TLB size	: 1024 4K pages
clflush size	: 64
cache_alignment	: 64
address sizes	: 40 bits physical, 48 bits virtual
power management: ts ttp tm 100mhzsteps hwpstate cpb [12] [13]



Memory: 4k page, physical 3490476k(29616k free), swap 0k(0k free)

vm_info: Java HotSpot(TM) 64-Bit Server VM (25.77-b03) for linux-amd64 JRE (1.8.0_77-b03), built on Mar 20 2016 22:00:46 by "java_re" with gcc 4.3.0 20080428 (Red Hat 4.3.0-8)

time: Wed Apr 27 20:36:14 2016
elapsed time: 240 seconds (0d 0h 4m 0s)

